2017-12-19 15:43:39.575 [http-nio-8443-exec-1] DEBUG xd.medicine.dao.autoMapper.DoctorMapper.selectByExample - ==>  Preparing: select id, name, position, office_location, office_phone, registry_date, department, title, workage, degree from doctor 
2017-12-19 15:43:39.593 [http-nio-8443-exec-1] DEBUG xd.medicine.dao.autoMapper.DoctorMapper.selectByExample - ==> Parameters: 
2017-12-19 15:44:46.248 [http-nio-8443-exec-1] DEBUG xd.medicine.dao.autoMapper.DoctorMapper.selectByExample - ==>  Preparing: select id, name, position, office_location, office_phone, registry_date, department, title, workage, degree from doctor 
2017-12-19 15:44:46.265 [http-nio-8443-exec-1] DEBUG xd.medicine.dao.autoMapper.DoctorMapper.selectByExample - ==> Parameters: 
2017-12-19 15:44:46.274 [http-nio-8443-exec-1] DEBUG xd.medicine.dao.autoMapper.DoctorMapper.selectByExample - <==      Total: 1
2017-12-19 15:52:21.764 [http-nio-8443-exec-1] DEBUG xd.medicine.dao.autoMapper.DoctorMapper.selectByExample_COUNT - ==>  Preparing: SELECT count(0) FROM doctor 
2017-12-19 15:52:21.782 [http-nio-8443-exec-1] DEBUG xd.medicine.dao.autoMapper.DoctorMapper.selectByExample_COUNT - ==> Parameters: 
2017-12-19 15:52:21.796 [http-nio-8443-exec-1] DEBUG xd.medicine.dao.autoMapper.DoctorMapper.selectByExample_COUNT - <==      Total: 1
2017-12-19 15:52:21.797 [http-nio-8443-exec-1] DEBUG xd.medicine.dao.autoMapper.DoctorMapper.selectByExample - ==>  Preparing: select id, name, position, office_location, office_phone, registry_date, department, title, workage, degree from doctor LIMIT 10 
2017-12-19 15:52:21.797 [http-nio-8443-exec-1] DEBUG xd.medicine.dao.autoMapper.DoctorMapper.selectByExample - ==> Parameters: 
2017-12-19 15:52:21.799 [http-nio-8443-exec-1] DEBUG xd.medicine.dao.autoMapper.DoctorMapper.selectByExample - <==      Total: 1
2017-12-19 15:54:48.014 [http-nio-8443-exec-4] DEBUG xd.medicine.dao.autoMapper.DoctorMapper.selectByExample_COUNT - ==>  Preparing: SELECT count(0) FROM doctor 
2017-12-19 15:54:48.014 [http-nio-8443-exec-4] DEBUG xd.medicine.dao.autoMapper.DoctorMapper.selectByExample_COUNT - ==> Parameters: 
2017-12-19 15:54:48.015 [http-nio-8443-exec-4] DEBUG xd.medicine.dao.autoMapper.DoctorMapper.selectByExample_COUNT - <==      Total: 1
2017-12-19 15:54:48.016 [http-nio-8443-exec-4] DEBUG xd.medicine.dao.autoMapper.DoctorMapper.selectByExample - ==>  Preparing: select id, name, position, office_location, office_phone, registry_date, department, title, workage, degree from doctor LIMIT 10 
2017-12-19 15:54:48.018 [http-nio-8443-exec-4] DEBUG xd.medicine.dao.autoMapper.DoctorMapper.selectByExample - ==> Parameters: 
2017-12-19 15:54:48.021 [http-nio-8443-exec-4] DEBUG xd.medicine.dao.autoMapper.DoctorMapper.selectByExample - <==      Total: 4
2017-12-19 15:54:56.366 [http-nio-8443-exec-5] DEBUG xd.medicine.dao.autoMapper.DoctorMapper.selectByExample - ==>  Preparing: select id, name, position, office_location, office_phone, registry_date, department, title, workage, degree from doctor 
2017-12-19 15:54:56.366 [http-nio-8443-exec-5] DEBUG xd.medicine.dao.autoMapper.DoctorMapper.selectByExample - ==> Parameters: 
2017-12-19 15:54:56.368 [http-nio-8443-exec-5] DEBUG xd.medicine.dao.autoMapper.DoctorMapper.selectByExample - <==      Total: 4
2017-12-19 16:34:52.858 [http-nio-8443-exec-5] DEBUG xd.medicine.dao.autoMapper.DoctorMapper.insert - ==>  Preparing: insert into doctor (id, name, position, office_location, office_phone, registry_date, department, title, workage, degree, is_free) values (?, ?, ?, ?, ?, ?, ?, ?, ?, ?, ?) 
2017-12-19 16:34:52.873 [http-nio-8443-exec-5] DEBUG xd.medicine.dao.autoMapper.DoctorMapper.insert - ==> Parameters: null, 曹医生(String), 4(Byte), 西电老科(String), 13336758765(String), 2017-12-19(Date), 3(Byte), 4(Byte), 1(Byte), 3(Byte), true(Boolean)
2017-12-19 16:34:52.874 [http-nio-8443-exec-5] DEBUG xd.medicine.dao.autoMapper.DoctorMapper.insert - <==    Updates: 1
2017-12-19 16:35:47.317 [http-nio-8443-exec-6] DEBUG xd.medicine.dao.autoMapper.DoctorMapper.selectByExample_COUNT - ==>  Preparing: SELECT count(0) FROM doctor 
2017-12-19 16:35:47.317 [http-nio-8443-exec-6] DEBUG xd.medicine.dao.autoMapper.DoctorMapper.selectByExample_COUNT - ==> Parameters: 
2017-12-19 16:35:47.325 [http-nio-8443-exec-6] DEBUG xd.medicine.dao.autoMapper.DoctorMapper.selectByExample_COUNT - <==      Total: 1
2017-12-19 16:35:47.326 [http-nio-8443-exec-6] DEBUG xd.medicine.dao.autoMapper.DoctorMapper.selectByExample - ==>  Preparing: select id, name, position, office_location, office_phone, registry_date, department, title, workage, degree, is_free from doctor LIMIT 10 
2017-12-19 16:35:47.326 [http-nio-8443-exec-6] DEBUG xd.medicine.dao.autoMapper.DoctorMapper.selectByExample - ==> Parameters: 
2017-12-19 16:35:47.330 [http-nio-8443-exec-6] DEBUG xd.medicine.dao.autoMapper.DoctorMapper.selectByExample - <==      Total: 5
2017-12-20 11:41:24.619 [http-nio-9090-exec-2] DEBUG xd.medicine.dao.autoMapper.TrustAttrMapper.insert - ==>  Preparing: insert into trust_attr (id, department, demand_title, demand_workage, demand_degree) values (?, ?, ?, ?, ?) 
2017-12-20 11:41:24.638 [http-nio-9090-exec-2] DEBUG xd.medicine.dao.autoMapper.TrustAttrMapper.insert - ==> Parameters: null, 1(Byte), 2(Byte), 3(Byte), 3(Byte)
2017-12-20 11:41:24.640 [http-nio-9090-exec-2] DEBUG xd.medicine.dao.autoMapper.TrustAttrMapper.insert - <==    Updates: 1
2017-12-20 11:41:24.643 [http-nio-9090-exec-2] DEBUG xd.medicine.dao.autoMapper.PatientMapper.insert - ==>  Preparing: insert into patient (id, name, doctor_id, phone, registry_date, trustAttr_id, sense_aware, illness_condition, password ) values (?, ?, ?, ?, ?, ?, ?, ?, ? ) 
2017-12-20 11:41:24.644 [http-nio-9090-exec-2] DEBUG xd.medicine.dao.autoMapper.PatientMapper.insert - ==> Parameters: null, lalal(String), 1(Integer), 177654789986(String), 2017-12-20(Date), 1(Integer), false(Boolean), nothing(String), 111(String)
2017-12-20 11:42:16.184 [http-nio-9090-exec-5] DEBUG xd.medicine.dao.autoMapper.TrustAttrMapper.insert - ==>  Preparing: insert into trust_attr (id, department, demand_title, demand_workage, demand_degree) values (?, ?, ?, ?, ?) 
2017-12-20 11:42:16.185 [http-nio-9090-exec-5] DEBUG xd.medicine.dao.autoMapper.TrustAttrMapper.insert - ==> Parameters: null, 1(Byte), 2(Byte), 3(Byte), 3(Byte)
2017-12-20 11:42:16.186 [http-nio-9090-exec-5] DEBUG xd.medicine.dao.autoMapper.TrustAttrMapper.insert - <==    Updates: 1
2017-12-20 11:42:16.186 [http-nio-9090-exec-5] DEBUG xd.medicine.dao.autoMapper.PatientMapper.insert - ==>  Preparing: insert into patient (id, name, doctor_id, phone, registry_date, trustAttr_id, sense_aware, illness_condition, password ) values (?, ?, ?, ?, ?, ?, ?, ?, ? ) 
2017-12-20 11:42:16.187 [http-nio-9090-exec-5] DEBUG xd.medicine.dao.autoMapper.PatientMapper.insert - ==> Parameters: null, lalal(String), 1(Integer), 17765478998(String), 2017-12-20(Date), 1(Integer), false(Boolean), nothing(String), 111(String)
2017-12-20 11:45:06.691 [http-nio-9090-exec-2] DEBUG xd.medicine.dao.autoMapper.TrustAttrMapper.insert - ==>  Preparing: insert into trust_attr (id, department, demand_title, demand_workage, demand_degree) values (?, ?, ?, ?, ?) 
2017-12-20 11:45:06.707 [http-nio-9090-exec-2] DEBUG xd.medicine.dao.autoMapper.TrustAttrMapper.insert - ==> Parameters: null, 1(Byte), 2(Byte), 3(Byte), 3(Byte)
2017-12-20 11:45:06.708 [http-nio-9090-exec-2] DEBUG xd.medicine.dao.autoMapper.TrustAttrMapper.insert - <==    Updates: 1
2017-12-20 11:45:06.714 [http-nio-9090-exec-2] DEBUG xd.medicine.dao.autoMapper.PatientMapper.insert - ==>  Preparing: insert into patient (id, name, doctor_id, phone, registry_date, trustAttr_id, sense_aware, illness_condition, password ) values (?, ?, ?, ?, ?, ?, ?, ?, ? ) 
2017-12-20 11:45:06.716 [http-nio-9090-exec-2] DEBUG xd.medicine.dao.autoMapper.PatientMapper.insert - ==> Parameters: null, lalal(String), 1(Integer), 17765478998(String), 2017-12-20(Date), 1(Integer), false(Boolean), nothing(String), 111(String)
2017-12-20 11:47:19.299 [http-nio-9090-exec-2] DEBUG xd.medicine.dao.autoMapper.TrustAttrMapper.insert - ==>  Preparing: insert into trust_attr (id, department, demand_title, demand_workage, demand_degree) values (?, ?, ?, ?, ?) 
2017-12-20 11:47:19.315 [http-nio-9090-exec-2] DEBUG xd.medicine.dao.autoMapper.TrustAttrMapper.insert - ==> Parameters: null, 1(Byte), 2(Byte), 3(Byte), 3(Byte)
2017-12-20 11:47:19.316 [http-nio-9090-exec-2] DEBUG xd.medicine.dao.autoMapper.TrustAttrMapper.insert - <==    Updates: 1
2017-12-20 11:47:19.322 [http-nio-9090-exec-2] INFO  xd.medicine.controller.PatientController - TrustAttrId:  1
2017-12-20 11:47:19.323 [http-nio-9090-exec-2] DEBUG xd.medicine.dao.autoMapper.PatientMapper.insert - ==>  Preparing: insert into patient (id, name, doctor_id, phone, registry_date, trustAttr_id, sense_aware, illness_condition, password ) values (?, ?, ?, ?, ?, ?, ?, ?, ? ) 
2017-12-20 11:47:19.324 [http-nio-9090-exec-2] DEBUG xd.medicine.dao.autoMapper.PatientMapper.insert - ==> Parameters: null, lalal(String), 1(Integer), 17765478998(String), 2017-12-20(Date), 1(Integer), false(Boolean), nothing(String), 111(String)
2017-12-20 11:51:15.861 [http-nio-9090-exec-1] DEBUG xd.medicine.dao.autoMapper.TrustAttrMapper.insert - ==>  Preparing: insert into trust_attr (id, department, demand_title, demand_workage, demand_degree) values (?, ?, ?, ?, ?) 
2017-12-20 11:51:15.877 [http-nio-9090-exec-1] DEBUG xd.medicine.dao.autoMapper.TrustAttrMapper.insert - ==> Parameters: null, 1(Byte), 2(Byte), 3(Byte), 3(Byte)
2017-12-20 11:51:15.879 [http-nio-9090-exec-1] DEBUG xd.medicine.dao.autoMapper.TrustAttrMapper.insert - <==    Updates: 1
2017-12-20 11:51:15.883 [http-nio-9090-exec-1] ERROR xd.medicine.controller.PatientController - TrustAttrId:  1
2017-12-20 11:51:15.883 [http-nio-9090-exec-1] ERROR xd.medicine.controller.PatientController - TrustAttrId:  1
2017-12-20 11:51:15.883 [http-nio-9090-exec-1] ERROR xd.medicine.controller.PatientController - TrustAttrId:  1
2017-12-20 11:51:15.884 [http-nio-9090-exec-1] DEBUG xd.medicine.dao.autoMapper.PatientMapper.insert - ==>  Preparing: insert into patient (id, name, doctor_id, phone, registry_date, trustAttr_id, sense_aware, illness_condition, password ) values (?, ?, ?, ?, ?, ?, ?, ?, ? ) 
2017-12-20 11:51:15.885 [http-nio-9090-exec-1] DEBUG xd.medicine.dao.autoMapper.PatientMapper.insert - ==> Parameters: null, lalal(String), 1(Integer), 17765478998(String), 2017-12-20(Date), 1(Integer), false(Boolean), nothing(String), 111(String)
2017-12-20 11:53:50.259 [http-nio-9090-exec-2] DEBUG xd.medicine.dao.autoMapper.TrustAttrMapper.insert - ==>  Preparing: insert into trust_attr (id, department, demand_title, demand_workage, demand_degree) values (?, ?, ?, ?, ?) 
2017-12-20 11:53:50.272 [http-nio-9090-exec-2] DEBUG xd.medicine.dao.autoMapper.TrustAttrMapper.insert - ==> Parameters: null, 1(Byte), 2(Byte), 3(Byte), 3(Byte)
2017-12-20 11:53:50.273 [http-nio-9090-exec-2] DEBUG xd.medicine.dao.autoMapper.TrustAttrMapper.insert - <==    Updates: 1
2017-12-20 11:53:50.277 [http-nio-9090-exec-2] ERROR xd.medicine.controller.PatientController - TrustAttrId:  1
2017-12-20 11:53:50.277 [http-nio-9090-exec-2] ERROR xd.medicine.controller.PatientController - TrustAttrId:  1
2017-12-20 11:53:50.278 [http-nio-9090-exec-2] ERROR xd.medicine.controller.PatientController - TrustAttrId:  1
2017-12-20 11:53:50.279 [http-nio-9090-exec-2] DEBUG xd.medicine.dao.autoMapper.PatientMapper.insert - ==>  Preparing: insert into patient (id, name, doctor_id, phone, registry_date, trustAttr_id, sense_aware, illness_condition, password ) values (?, ?, ?, ?, ?, ?, ?, ?, ? ) 
2017-12-20 11:53:50.280 [http-nio-9090-exec-2] DEBUG xd.medicine.dao.autoMapper.PatientMapper.insert - ==> Parameters: null, lalal(String), 1(Integer), 17765478998(String), 2017-12-20(Date), 1(Integer), false(Boolean), nothing(String), 111(String)
2017-12-20 11:58:13.969 [http-nio-9090-exec-2] DEBUG xd.medicine.dao.autoMapper.TrustAttrMapper.insert - ==>  Preparing: insert into trust_attr (id, department, demand_title, demand_workage, demand_degree) values (?, ?, ?, ?, ?) 
2017-12-20 11:58:13.982 [http-nio-9090-exec-2] DEBUG xd.medicine.dao.autoMapper.TrustAttrMapper.insert - ==> Parameters: null, 1(Byte), 2(Byte), 3(Byte), 3(Byte)
2017-12-20 11:58:13.984 [http-nio-9090-exec-2] DEBUG xd.medicine.dao.autoMapper.TrustAttrMapper.insert - <==    Updates: 1
2017-12-20 11:58:13.988 [http-nio-9090-exec-2] DEBUG xd.medicine.dao.autoMapper.PatientMapper.insert - ==>  Preparing: insert into patient (id, name, doctor_id, phone, registry_date, trustAttr_id, sense_aware, illness_condition, password ) values (?, ?, ?, ?, ?, ?, ?, ?, ? ) 
2017-12-20 11:58:13.989 [http-nio-9090-exec-2] DEBUG xd.medicine.dao.autoMapper.PatientMapper.insert - ==> Parameters: null, lalal(String), 1(Integer), 17765478998(String), 2017-12-20(Date), null, false(Boolean), nothing(String), 111(String)
2017-12-20 12:01:17.411 [http-nio-9090-exec-2] DEBUG xd.medicine.dao.autoMapper.TrustAttrMapper.insertSelective - ==>  Preparing: insert into trust_attr ( department, demand_title, demand_workage, demand_degree ) values ( ?, ?, ?, ? ) 
2017-12-20 12:01:17.425 [http-nio-9090-exec-2] DEBUG xd.medicine.dao.autoMapper.TrustAttrMapper.insertSelective - ==> Parameters: 1(Byte), 2(Byte), 3(Byte), 3(Byte)
2017-12-20 12:01:17.426 [http-nio-9090-exec-2] DEBUG xd.medicine.dao.autoMapper.TrustAttrMapper.insertSelective - <==    Updates: 1
2017-12-20 12:01:17.432 [http-nio-9090-exec-2] DEBUG xd.medicine.dao.autoMapper.PatientMapper.insert - ==>  Preparing: insert into patient (id, name, doctor_id, phone, registry_date, trustAttr_id, sense_aware, illness_condition, password ) values (?, ?, ?, ?, ?, ?, ?, ?, ? ) 
2017-12-20 12:01:17.433 [http-nio-9090-exec-2] DEBUG xd.medicine.dao.autoMapper.PatientMapper.insert - ==> Parameters: null, lalal(String), 1(Integer), 17765478998(String), 2017-12-20(Date), null, false(Boolean), nothing(String), 111(String)
2017-12-20 13:02:58.177 [http-nio-9090-exec-2] DEBUG xd.medicine.dao.autoMapper.TrustAttrMapper.insertSelective - ==>  Preparing: insert into trust_attr ( department, demand_title, demand_workage, demand_degree ) values ( ?, ?, ?, ? ) 
2017-12-20 13:02:58.191 [http-nio-9090-exec-2] DEBUG xd.medicine.dao.autoMapper.TrustAttrMapper.insertSelective - ==> Parameters: 1(Byte), 2(Byte), 3(Byte), 3(Byte)
2017-12-20 13:02:58.194 [http-nio-9090-exec-2] DEBUG xd.medicine.dao.autoMapper.TrustAttrMapper.insertSelective - <==    Updates: 1
2017-12-20 13:02:58.199 [http-nio-9090-exec-2] DEBUG xd.medicine.dao.autoMapper.PatientMapper.insert - ==>  Preparing: insert into patient (id, name, doctor_id, phone, registry_date, trustAttr_id, sense_aware, illness_condition, password ) values (?, ?, ?, ?, ?, ?, ?, ?, ? ) 
2017-12-20 13:02:58.200 [http-nio-9090-exec-2] DEBUG xd.medicine.dao.autoMapper.PatientMapper.insert - ==> Parameters: null, lalal(String), 1(Integer), 17765478998(String), 2017-12-20(Date), 1(Integer), false(Boolean), nothing(String), 111(String)
2017-12-20 13:09:15.319 [http-nio-9090-exec-2] DEBUG xd.medicine.dao.autoMapper.TrustAttrMapper.insert - ==>  Preparing: insert into trust_attr (id, department, demand_title, demand_workage, demand_degree) values (?, ?, ?, ?, ?) 
2017-12-20 13:09:15.332 [http-nio-9090-exec-2] DEBUG xd.medicine.dao.autoMapper.TrustAttrMapper.insert - ==> Parameters: null, 1(Byte), 2(Byte), 3(Byte), 3(Byte)
2017-12-20 13:09:15.334 [http-nio-9090-exec-2] DEBUG xd.medicine.dao.autoMapper.TrustAttrMapper.insert - <==    Updates: 1
2017-12-20 13:09:15.341 [http-nio-9090-exec-2] DEBUG xd.medicine.dao.autoMapper.PatientMapper.insert - ==>  Preparing: insert into patient (id, name, doctor_id, phone, registry_date, trustAttr_id, sense_aware, illness_condition, password ) values (?, ?, ?, ?, ?, ?, ?, ?, ? ) 
2017-12-20 13:09:15.341 [http-nio-9090-exec-2] DEBUG xd.medicine.dao.autoMapper.PatientMapper.insert - ==> Parameters: null, lalal(String), 1(Integer), 17765478998(String), 2017-12-20(Date), 10(Integer), false(Boolean), nothing(String), 111(String)
2017-12-20 13:09:15.342 [http-nio-9090-exec-2] DEBUG xd.medicine.dao.autoMapper.PatientMapper.insert - <==    Updates: 1
2017-12-20 13:22:40.821 [http-nio-9090-exec-2] DEBUG xd.medicine.dao.autoMapper.TrustAttrMapper.insert - ==>  Preparing: insert into trust_attr (id, department, demand_title, demand_workage, demand_degree) values (?, ?, ?, ?, ?) 
2017-12-20 13:22:40.834 [http-nio-9090-exec-2] DEBUG xd.medicine.dao.autoMapper.TrustAttrMapper.insert - ==> Parameters: null, 1(Byte), 2(Byte), 3(Byte), 3(Byte)
2017-12-20 13:22:40.835 [http-nio-9090-exec-2] DEBUG xd.medicine.dao.autoMapper.TrustAttrMapper.insert - <==    Updates: 1
2017-12-20 13:22:40.837 [http-nio-9090-exec-2] DEBUG xd.medicine.dao.autoMapper.PatientMapper.insert - ==>  Preparing: insert into patient (id, name, doctor_id, phone, registry_date, trustAttr_id, sense_aware, illness_condition, password ) values (?, ?, ?, ?, ?, ?, ?, ?, ? ) 
2017-12-20 13:22:40.838 [http-nio-9090-exec-2] DEBUG xd.medicine.dao.autoMapper.PatientMapper.insert - ==> Parameters: null, lalal(String), 1(Integer), 17765478998(String), 2017-12-20(Date), 11(Integer), false(Boolean), nothing(String), 111(String)
2017-12-20 13:22:40.839 [http-nio-9090-exec-2] DEBUG xd.medicine.dao.autoMapper.PatientMapper.insert - <==    Updates: 1
2017-12-20 14:00:39.278 [http-nio-9090-exec-2] DEBUG xd.medicine.dao.autoMapper.PatientMapper.countByExample - ==>  Preparing: select count(*) from patient WHERE ( account = ? ) 
2017-12-20 14:00:39.290 [http-nio-9090-exec-2] DEBUG xd.medicine.dao.autoMapper.PatientMapper.countByExample - ==> Parameters: hhh(String)
2017-12-20 14:00:39.299 [http-nio-9090-exec-2] DEBUG xd.medicine.dao.autoMapper.PatientMapper.countByExample - <==      Total: 1
2017-12-20 14:00:39.300 [http-nio-9090-exec-2] DEBUG xd.medicine.dao.autoMapper.TrustAttrMapper.insert - ==>  Preparing: insert into trust_attr (id, department, demand_title, demand_workage, demand_degree) values (?, ?, ?, ?, ?) 
2017-12-20 14:00:39.300 [http-nio-9090-exec-2] DEBUG xd.medicine.dao.autoMapper.TrustAttrMapper.insert - ==> Parameters: null, 1(Byte), 2(Byte), 3(Byte), 3(Byte)
2017-12-20 14:00:39.301 [http-nio-9090-exec-2] DEBUG xd.medicine.dao.autoMapper.TrustAttrMapper.insert - <==    Updates: 1
2017-12-20 14:00:39.303 [http-nio-9090-exec-2] DEBUG xd.medicine.dao.autoMapper.PatientMapper.insert - ==>  Preparing: insert into patient (id, name, doctor_id, phone, registry_date, trustAttr_id, sense_aware, illness_condition, password, account) values (?, ?, ?, ?, ?, ?, ?, ?, ?, ?) 
2017-12-20 14:00:39.304 [http-nio-9090-exec-2] DEBUG xd.medicine.dao.autoMapper.PatientMapper.insert - ==> Parameters: null, 哈哈(String), 1(Integer), 17765478996(String), 2017-12-20(Date), 12(Integer), false(Boolean), nothing(String), 111(String), hhh(String)
2017-12-20 14:00:39.305 [http-nio-9090-exec-2] DEBUG xd.medicine.dao.autoMapper.PatientMapper.insert - <==    Updates: 1
2017-12-20 18:55:23.663 [http-nio-9090-exec-3] DEBUG xd.medicine.dao.autoMapper.DoctorMapper.selectByExample - ==>  Preparing: select id, name, position, office_location, office_phone, registry_date, department, title, workage, degree, is_free, password, account from doctor WHERE ( account = ? ) 
2017-12-20 18:55:23.683 [http-nio-9090-exec-3] DEBUG xd.medicine.dao.autoMapper.DoctorMapper.selectByExample - ==> Parameters: 1(String)
2017-12-20 18:55:23.699 [http-nio-9090-exec-3] DEBUG xd.medicine.dao.autoMapper.DoctorMapper.selectByExample - <==      Total: 0
2017-12-20 18:55:55.232 [http-nio-9090-exec-5] DEBUG xd.medicine.dao.autoMapper.DoctorMapper.selectByExample - ==>  Preparing: select id, name, position, office_location, office_phone, registry_date, department, title, workage, degree, is_free, password, account from doctor WHERE ( account = ? ) 
2017-12-20 18:55:55.232 [http-nio-9090-exec-5] DEBUG xd.medicine.dao.autoMapper.DoctorMapper.selectByExample - ==> Parameters: 123(String)
2017-12-20 18:55:55.235 [http-nio-9090-exec-5] DEBUG xd.medicine.dao.autoMapper.DoctorMapper.selectByExample - <==      Total: 1
2017-12-20 18:56:40.268 [http-nio-9090-exec-1] DEBUG xd.medicine.dao.autoMapper.DoctorMapper.selectByExample - ==>  Preparing: select id, name, position, office_location, office_phone, registry_date, department, title, workage, degree, is_free, password, account from doctor WHERE ( account = ? ) 
2017-12-20 18:56:40.282 [http-nio-9090-exec-1] DEBUG xd.medicine.dao.autoMapper.DoctorMapper.selectByExample - ==> Parameters: 123(String)
2017-12-20 18:56:40.290 [http-nio-9090-exec-1] DEBUG xd.medicine.dao.autoMapper.DoctorMapper.selectByExample - <==      Total: 1
2017-12-20 18:57:47.562 [http-nio-9090-exec-5] DEBUG xd.medicine.dao.autoMapper.DoctorMapper.selectByExample - ==>  Preparing: select id, name, position, office_location, office_phone, registry_date, department, title, workage, degree, is_free, password, account from doctor WHERE ( account = ? ) 
2017-12-20 18:57:47.564 [http-nio-9090-exec-5] DEBUG xd.medicine.dao.autoMapper.DoctorMapper.selectByExample - ==> Parameters: 12(String)
2017-12-20 18:57:47.566 [http-nio-9090-exec-5] DEBUG xd.medicine.dao.autoMapper.DoctorMapper.selectByExample - <==      Total: 0
2017-12-20 18:58:07.902 [http-nio-9090-exec-6] DEBUG xd.medicine.dao.autoMapper.DoctorMapper.selectByExample - ==>  Preparing: select id, name, position, office_location, office_phone, registry_date, department, title, workage, degree, is_free, password, account from doctor WHERE ( account = ? ) 
2017-12-20 18:58:07.903 [http-nio-9090-exec-6] DEBUG xd.medicine.dao.autoMapper.DoctorMapper.selectByExample - ==> Parameters: 123(String)
2017-12-20 18:58:07.904 [http-nio-9090-exec-6] DEBUG xd.medicine.dao.autoMapper.DoctorMapper.selectByExample - <==      Total: 1
2017-12-20 19:00:39.842 [http-nio-9090-exec-9] DEBUG xd.medicine.dao.autoMapper.DoctorMapper.selectByPrimaryKey - ==>  Preparing: select id, name, position, office_location, office_phone, registry_date, department, title, workage, degree, is_free, password, account from doctor where id = ? 
2017-12-20 19:00:39.844 [http-nio-9090-exec-9] DEBUG xd.medicine.dao.autoMapper.DoctorMapper.selectByPrimaryKey - ==> Parameters: 1(Integer)
2017-12-20 19:00:39.845 [http-nio-9090-exec-9] DEBUG xd.medicine.dao.autoMapper.DoctorMapper.selectByPrimaryKey - <==      Total: 1
2017-12-20 19:00:44.574 [http-nio-9090-exec-10] DEBUG xd.medicine.dao.autoMapper.DoctorMapper.selectByPrimaryKey - ==>  Preparing: select id, name, position, office_location, office_phone, registry_date, department, title, workage, degree, is_free, password, account from doctor where id = ? 
2017-12-20 19:00:44.575 [http-nio-9090-exec-10] DEBUG xd.medicine.dao.autoMapper.DoctorMapper.selectByPrimaryKey - ==> Parameters: 3(Integer)
2017-12-20 19:00:44.577 [http-nio-9090-exec-10] DEBUG xd.medicine.dao.autoMapper.DoctorMapper.selectByPrimaryKey - <==      Total: 1
2017-12-20 19:06:13.843 [http-nio-9090-exec-3] DEBUG xd.medicine.dao.autoMapper.DoctorMapper.selectByExample - ==>  Preparing: select id, name, position, office_location, office_phone, registry_date, department, title, workage, degree, is_free, password, account from doctor 
2017-12-20 19:06:13.843 [http-nio-9090-exec-3] DEBUG xd.medicine.dao.autoMapper.DoctorMapper.selectByExample - ==> Parameters: 
2017-12-20 19:06:13.846 [http-nio-9090-exec-3] DEBUG xd.medicine.dao.autoMapper.DoctorMapper.selectByExample - <==      Total: 5
2017-12-20 19:20:03.616 [http-nio-8080-exec-3] DEBUG xd.medicine.dao.autoMapper.DoctorMapper.selectByExample_COUNT - ==>  Preparing: SELECT count(0) FROM doctor 
2017-12-20 19:20:03.630 [http-nio-8080-exec-3] DEBUG xd.medicine.dao.autoMapper.DoctorMapper.selectByExample_COUNT - ==> Parameters: 
2017-12-20 19:20:03.639 [http-nio-8080-exec-3] DEBUG xd.medicine.dao.autoMapper.DoctorMapper.selectByExample_COUNT - <==      Total: 1
2017-12-20 19:20:03.640 [http-nio-8080-exec-3] DEBUG xd.medicine.dao.autoMapper.DoctorMapper.selectByExample - ==>  Preparing: select id, name, position, office_location, office_phone, registry_date, department, title, workage, degree, is_free, password, account from doctor LIMIT 2 
2017-12-20 19:20:03.640 [http-nio-8080-exec-3] DEBUG xd.medicine.dao.autoMapper.DoctorMapper.selectByExample - ==> Parameters: 
2017-12-20 19:20:03.642 [http-nio-8080-exec-3] DEBUG xd.medicine.dao.autoMapper.DoctorMapper.selectByExample - <==      Total: 2
2017-12-20 19:30:50.192 [http-nio-8080-exec-6] DEBUG xd.medicine.dao.autoMapper.DoctorMapper.countByExample - ==>  Preparing: select count(*) from doctor WHERE ( account = ? ) 
2017-12-20 19:30:50.192 [http-nio-8080-exec-6] DEBUG xd.medicine.dao.autoMapper.DoctorMapper.countByExample - ==> Parameters: 444(String)
2017-12-20 19:30:50.193 [http-nio-8080-exec-6] DEBUG xd.medicine.dao.autoMapper.DoctorMapper.countByExample - <==      Total: 1
2017-12-20 19:30:50.201 [http-nio-8080-exec-6] DEBUG xd.medicine.dao.autoMapper.DoctorMapper.insert - ==>  Preparing: insert into doctor (id, name, position, office_location, office_phone, registry_date, department, title, workage, degree, is_free, password, account) values (?, ?, ?, ?, ?, ?, ?, ?, ?, ?, ?, ?, ?) 
2017-12-20 19:30:50.202 [http-nio-8080-exec-6] DEBUG xd.medicine.dao.autoMapper.DoctorMapper.insert - ==> Parameters: null, caohao(String), 1(Byte), xian(String), 13337865544(String), 2017-12-20(Date), 1(Byte), 1(Byte), 1(Byte), 1(Byte), true(Boolean), 123(String), 444(String)
2017-12-20 19:30:50.206 [http-nio-8080-exec-6] DEBUG xd.medicine.dao.autoMapper.DoctorMapper.insert - <==    Updates: 1
2017-12-20 19:31:16.799 [http-nio-8080-exec-7] DEBUG xd.medicine.dao.autoMapper.DoctorMapper.countByExample - ==>  Preparing: select count(*) from doctor WHERE ( account = ? ) 
2017-12-20 19:31:16.799 [http-nio-8080-exec-7] DEBUG xd.medicine.dao.autoMapper.DoctorMapper.countByExample - ==> Parameters: 444(String)
2017-12-20 19:31:16.800 [http-nio-8080-exec-7] DEBUG xd.medicine.dao.autoMapper.DoctorMapper.countByExample - <==      Total: 1
2017-12-20 23:18:35.969 [http-nio-9090-exec-5] DEBUG xd.medicine.dao.autoMapper.DoctorMapper.countByExample - ==>  Preparing: select count(*) from doctor WHERE ( account = ? ) 
2017-12-20 23:18:35.995 [http-nio-9090-exec-5] DEBUG xd.medicine.dao.autoMapper.DoctorMapper.countByExample - ==> Parameters: 444(String)
2017-12-20 23:18:36.020 [http-nio-9090-exec-5] DEBUG xd.medicine.dao.autoMapper.DoctorMapper.countByExample - <==      Total: 1
2017-12-20 23:36:39.804 [http-nio-9090-exec-7] DEBUG xd.medicine.dao.autoMapper.DoctorMapper.countByExample - ==>  Preparing: select count(*) from doctor WHERE ( account = ? ) 
2017-12-20 23:36:39.819 [http-nio-9090-exec-7] DEBUG xd.medicine.dao.autoMapper.DoctorMapper.countByExample - ==> Parameters: 444(String)
2017-12-20 23:36:39.828 [http-nio-9090-exec-7] DEBUG xd.medicine.dao.autoMapper.DoctorMapper.countByExample - <==      Total: 1
2017-12-20 23:36:41.663 [http-nio-9090-exec-10] DEBUG xd.medicine.dao.autoMapper.DoctorMapper.countByExample - ==>  Preparing: select count(*) from doctor WHERE ( account = ? ) 
2017-12-20 23:36:41.663 [http-nio-9090-exec-10] DEBUG xd.medicine.dao.autoMapper.DoctorMapper.countByExample - ==> Parameters: 444(String)
2017-12-20 23:36:41.664 [http-nio-9090-exec-10] DEBUG xd.medicine.dao.autoMapper.DoctorMapper.countByExample - <==      Total: 1
2017-12-20 23:40:37.807 [http-nio-9090-exec-1] DEBUG xd.medicine.dao.autoMapper.DoctorMapper.countByExample - ==>  Preparing: select count(*) from doctor WHERE ( account = ? ) 
2017-12-20 23:40:37.821 [http-nio-9090-exec-1] DEBUG xd.medicine.dao.autoMapper.DoctorMapper.countByExample - ==> Parameters: 231(String)
2017-12-20 23:40:37.831 [http-nio-9090-exec-1] DEBUG xd.medicine.dao.autoMapper.DoctorMapper.countByExample - <==      Total: 1
2017-12-20 23:40:37.841 [http-nio-9090-exec-1] DEBUG xd.medicine.dao.autoMapper.DoctorMapper.insert - ==>  Preparing: insert into doctor (id, name, position, office_location, office_phone, registry_date, department, title, workage, degree, is_free, password, account) values (?, ?, ?, ?, ?, ?, ?, ?, ?, ?, ?, ?, ?) 
2017-12-20 23:40:37.842 [http-nio-9090-exec-1] DEBUG xd.medicine.dao.autoMapper.DoctorMapper.insert - ==> Parameters: null, 323(String), null, 212(String), 212(String), 2017-12-20(Date), 0(Byte), null, 4(Byte), 1(Byte), true(Boolean), 11(String), 231(String)
2017-12-20 23:41:37.552 [http-nio-9090-exec-5] DEBUG xd.medicine.dao.autoMapper.DoctorMapper.countByExample - ==>  Preparing: select count(*) from doctor WHERE ( account = ? ) 
2017-12-20 23:41:37.552 [http-nio-9090-exec-5] DEBUG xd.medicine.dao.autoMapper.DoctorMapper.countByExample - ==> Parameters: 121(String)
2017-12-20 23:41:37.553 [http-nio-9090-exec-5] DEBUG xd.medicine.dao.autoMapper.DoctorMapper.countByExample - <==      Total: 1
2017-12-20 23:41:37.554 [http-nio-9090-exec-5] DEBUG xd.medicine.dao.autoMapper.DoctorMapper.insert - ==>  Preparing: insert into doctor (id, name, position, office_location, office_phone, registry_date, department, title, workage, degree, is_free, password, account) values (?, ?, ?, ?, ?, ?, ?, ?, ?, ?, ?, ?, ?) 
2017-12-20 23:41:37.555 [http-nio-9090-exec-5] DEBUG xd.medicine.dao.autoMapper.DoctorMapper.insert - ==> Parameters: null, 23(String), null, 苏倩薇(String), 212(String), 2017-12-20(Date), 0(Byte), null, 4(Byte), 1(Byte), true(Boolean), 11(String), 121(String)
2017-12-21 11:38:48.451 [http-nio-9090-exec-1] DEBUG xd.medicine.dao.autoMapper.DoctorMapper.insert - ==>  Preparing: insert into doctor (id, name, position, office_location, office_phone, registry_date, department, title, workage, degree, is_free, password, account) values (?, ?, ?, ?, ?, ?, ?, ?, ?, ?, ?, ?, ?) 
2017-12-21 11:38:48.470 [http-nio-9090-exec-1] DEBUG xd.medicine.dao.autoMapper.DoctorMapper.insert - ==> Parameters: null, 撒大声地(String), 5(Byte), 21(String), 21(String), 2017-12-21(Date), 0(Byte), null, 4(Byte), 0(Byte), true(Boolean), 11(String), 123(String)
2017-12-21 14:11:02.494 [http-nio-9090-exec-1] DEBUG xd.medicine.dao.autoMapper.DoctorMapper.countByExample - ==>  Preparing: select count(*) from doctor WHERE ( account = ? ) 
2017-12-21 14:11:02.516 [http-nio-9090-exec-1] DEBUG xd.medicine.dao.autoMapper.DoctorMapper.countByExample - ==> Parameters: 1(String)
2017-12-21 14:11:02.529 [http-nio-9090-exec-1] DEBUG xd.medicine.dao.autoMapper.DoctorMapper.countByExample - <==      Total: 1
2017-12-21 14:12:11.636 [http-nio-9090-exec-3] DEBUG xd.medicine.dao.autoMapper.DoctorMapper.countByExample - ==>  Preparing: select count(*) from doctor WHERE ( account = ? ) 
2017-12-21 14:12:11.636 [http-nio-9090-exec-3] DEBUG xd.medicine.dao.autoMapper.DoctorMapper.countByExample - ==> Parameters: 1(String)
2017-12-21 14:12:11.637 [http-nio-9090-exec-3] DEBUG xd.medicine.dao.autoMapper.DoctorMapper.countByExample - <==      Total: 1
2017-12-21 14:25:05.194 [http-nio-9090-exec-1] DEBUG xd.medicine.dao.autoMapper.DoctorMapper.countByExample - ==>  Preparing: select count(*) from doctor WHERE ( account = ? ) 
2017-12-21 14:25:05.242 [http-nio-9090-exec-1] DEBUG xd.medicine.dao.autoMapper.DoctorMapper.countByExample - ==> Parameters: 1(String)
2017-12-21 14:25:05.262 [http-nio-9090-exec-1] DEBUG xd.medicine.dao.autoMapper.DoctorMapper.countByExample - <==      Total: 1
2017-12-21 14:54:19.541 [http-nio-9090-exec-1] DEBUG xd.medicine.dao.autoMapper.DoctorMapper.countByExample - ==>  Preparing: select count(*) from doctor WHERE ( account = ? ) 
2017-12-21 14:54:19.556 [http-nio-9090-exec-1] DEBUG xd.medicine.dao.autoMapper.DoctorMapper.countByExample - ==> Parameters: 1(String)
2017-12-21 14:54:19.567 [http-nio-9090-exec-1] DEBUG xd.medicine.dao.autoMapper.DoctorMapper.countByExample - <==      Total: 1
2017-12-21 14:56:01.067 [http-nio-9090-exec-8] DEBUG xd.medicine.dao.autoMapper.DoctorMapper.countByExample - ==>  Preparing: select count(*) from doctor WHERE ( account = ? ) 
2017-12-21 14:56:01.090 [http-nio-9090-exec-8] DEBUG xd.medicine.dao.autoMapper.DoctorMapper.countByExample - ==> Parameters: 21(String)
2017-12-21 14:56:01.107 [http-nio-9090-exec-8] DEBUG xd.medicine.dao.autoMapper.DoctorMapper.countByExample - <==      Total: 1
2017-12-21 14:56:33.718 [http-nio-9090-exec-1] DEBUG xd.medicine.dao.autoMapper.DoctorMapper.countByExample - ==>  Preparing: select count(*) from doctor WHERE ( account = ? ) 
2017-12-21 14:56:33.737 [http-nio-9090-exec-1] DEBUG xd.medicine.dao.autoMapper.DoctorMapper.countByExample - ==> Parameters: 21(String)
2017-12-21 14:56:33.750 [http-nio-9090-exec-1] DEBUG xd.medicine.dao.autoMapper.DoctorMapper.countByExample - <==      Total: 1
2017-12-21 14:56:33.759 [http-nio-9090-exec-1] DEBUG xd.medicine.dao.autoMapper.DoctorMapper.insert - ==>  Preparing: insert into doctor (id, name, position, office_location, office_phone, registry_date, department, title, workage, degree, is_free, password, account) values (?, ?, ?, ?, ?, ?, ?, ?, ?, ?, ?, ?, ?) 
2017-12-21 14:56:33.760 [http-nio-9090-exec-1] DEBUG xd.medicine.dao.autoMapper.DoctorMapper.insert - ==> Parameters: null, 12(String), 4(Byte), 12(String), 12(String), 2017-12-21(Date), 2(Byte), 0(Byte), 4(Byte), 2(Byte), true(Boolean), 12(String), 21(String)
2017-12-21 14:56:33.764 [http-nio-9090-exec-1] DEBUG xd.medicine.dao.autoMapper.DoctorMapper.insert - <==    Updates: 1
2017-12-21 15:07:42.175 [http-nio-9090-exec-1] DEBUG xd.medicine.dao.autoMapper.DoctorMapper.countByExample - ==>  Preparing: select count(*) from doctor WHERE ( account = ? ) 
2017-12-21 15:07:42.189 [http-nio-9090-exec-1] DEBUG xd.medicine.dao.autoMapper.DoctorMapper.countByExample - ==> Parameters: 244(String)
2017-12-21 15:07:42.200 [http-nio-9090-exec-1] DEBUG xd.medicine.dao.autoMapper.DoctorMapper.countByExample - <==      Total: 1
2017-12-21 15:07:42.212 [http-nio-9090-exec-1] DEBUG xd.medicine.dao.autoMapper.DoctorMapper.insert - ==>  Preparing: insert into doctor (id, name, position, office_location, office_phone, registry_date, department, title, workage, degree, is_free, password, account) values (?, ?, ?, ?, ?, ?, ?, ?, ?, ?, ?, ?, ?) 
2017-12-21 15:07:42.213 [http-nio-9090-exec-1] DEBUG xd.medicine.dao.autoMapper.DoctorMapper.insert - ==> Parameters: null, 12(String), 4(Byte), 12(String), 12(String), 2017-12-21(Date), 2(Byte), 0(Byte), 4(Byte), 2(Byte), true(Boolean), 12(String), 244(String)
2017-12-21 15:07:42.216 [http-nio-9090-exec-1] DEBUG xd.medicine.dao.autoMapper.DoctorMapper.insert - <==    Updates: 1
2017-12-21 22:49:31.999 [http-nio-9090-exec-1] DEBUG xd.medicine.dao.autoMapper.DoctorMapper.selectByExample - ==>  Preparing: select id, name, position, office_location, office_phone, registry_date, department, title, workage, degree, is_free, password, account, isIn from doctor 
2017-12-21 22:49:32.012 [http-nio-9090-exec-1] DEBUG xd.medicine.dao.autoMapper.DoctorMapper.selectByExample - ==> Parameters: 
2017-12-21 22:49:32.024 [http-nio-9090-exec-1] DEBUG xd.medicine.dao.autoMapper.DoctorMapper.selectByExample - <==      Total: 8
2017-12-21 22:52:08.939 [http-nio-9090-exec-7] DEBUG xd.medicine.dao.autoMapper.DoctorMapper.selectByExample_COUNT - ==>  Preparing: SELECT count(0) FROM doctor 
2017-12-21 22:52:08.939 [http-nio-9090-exec-7] DEBUG xd.medicine.dao.autoMapper.DoctorMapper.selectByExample_COUNT - ==> Parameters: 
2017-12-21 22:52:08.940 [http-nio-9090-exec-7] DEBUG xd.medicine.dao.autoMapper.DoctorMapper.selectByExample_COUNT - <==      Total: 1
2017-12-21 22:52:08.941 [http-nio-9090-exec-7] DEBUG xd.medicine.dao.autoMapper.DoctorMapper.selectByExample - ==>  Preparing: select id, name, position, office_location, office_phone, registry_date, department, title, workage, degree, is_free, password, account, isIn from doctor LIMIT 2 
2017-12-21 22:52:08.941 [http-nio-9090-exec-7] DEBUG xd.medicine.dao.autoMapper.DoctorMapper.selectByExample - ==> Parameters: 
2017-12-21 22:52:08.943 [http-nio-9090-exec-7] DEBUG xd.medicine.dao.autoMapper.DoctorMapper.selectByExample - <==      Total: 2
2017-12-23 16:14:23.883 [main] DEBUG xd.medicine.dao.autoMapper.TrustAttrMapper.selectByPrimaryKey - ==>  Preparing: select id, department, demand_title, demand_workage, demand_degree from trust_attr where id = ? 
2017-12-23 16:14:23.924 [main] DEBUG xd.medicine.dao.autoMapper.TrustAttrMapper.selectByPrimaryKey - ==> Parameters: 11(Integer)
2017-12-23 16:14:24.455 [main] DEBUG xd.medicine.dao.autoMapper.TrustAttrMapper.selectByPrimaryKey - <==      Total: 1
2017-12-23 16:18:02.130 [main] DEBUG xd.medicine.dao.autoMapper.TrustAttrMapper.selectByPrimaryKey - ==>  Preparing: select id, department, demand_title, demand_workage, demand_degree from trust_attr where id = ? 
2017-12-23 16:18:02.149 [main] DEBUG xd.medicine.dao.autoMapper.TrustAttrMapper.selectByPrimaryKey - ==> Parameters: 11(Integer)
2017-12-23 16:18:02.160 [main] DEBUG xd.medicine.dao.autoMapper.TrustAttrMapper.selectByPrimaryKey - <==      Total: 1
2017-12-23 16:18:49.471 [main] DEBUG xd.medicine.dao.autoMapper.TrustAttrMapper.selectByPrimaryKey - ==>  Preparing: select id, department, demand_title, demand_workage, demand_degree from trust_attr where id = ? 
2017-12-23 16:18:49.491 [main] DEBUG xd.medicine.dao.autoMapper.TrustAttrMapper.selectByPrimaryKey - ==> Parameters: 11(Integer)
2017-12-23 16:18:49.501 [main] DEBUG xd.medicine.dao.autoMapper.TrustAttrMapper.selectByPrimaryKey - <==      Total: 1
2017-12-23 16:21:02.142 [main] DEBUG xd.medicine.dao.autoMapper.TrustAttrMapper.selectByPrimaryKey - ==>  Preparing: select id, department, demand_title, demand_workage, demand_degree from trust_attr where id = ? 
2017-12-23 16:21:02.162 [main] DEBUG xd.medicine.dao.autoMapper.TrustAttrMapper.selectByPrimaryKey - ==> Parameters: 11(Integer)
2017-12-23 16:21:02.174 [main] DEBUG xd.medicine.dao.autoMapper.TrustAttrMapper.selectByPrimaryKey - <==      Total: 1
2017-12-23 16:21:42.096 [main] DEBUG xd.medicine.dao.autoMapper.TrustAttrMapper.selectByPrimaryKey - ==>  Preparing: select id, department, demand_title, demand_workage, demand_degree from trust_attr where id = ? 
2017-12-23 16:21:42.120 [main] DEBUG xd.medicine.dao.autoMapper.TrustAttrMapper.selectByPrimaryKey - ==> Parameters: 11(Integer)
2017-12-23 16:21:42.143 [main] DEBUG xd.medicine.dao.autoMapper.TrustAttrMapper.selectByPrimaryKey - <==      Total: 1
2017-12-23 16:21:42.154 [main] DEBUG xd.medicine.dao.autoMapper.TrustAttrMapper.selectByPrimaryKey - ==>  Preparing: select id, department, demand_title, demand_workage, demand_degree from trust_attr where id = ? 
2017-12-23 16:21:42.154 [main] DEBUG xd.medicine.dao.autoMapper.TrustAttrMapper.selectByPrimaryKey - ==> Parameters: 11(Integer)
2017-12-23 16:21:42.170 [main] DEBUG xd.medicine.dao.autoMapper.TrustAttrMapper.selectByPrimaryKey - <==      Total: 1
2017-12-23 16:22:14.992 [main] DEBUG xd.medicine.dao.autoMapper.TrustAttrMapper.selectByPrimaryKey - ==>  Preparing: select id, department, demand_title, demand_workage, demand_degree from trust_attr where id = ? 
2017-12-23 16:22:15.016 [main] DEBUG xd.medicine.dao.autoMapper.TrustAttrMapper.selectByPrimaryKey - ==> Parameters: 11(Integer)
2017-12-23 16:22:15.025 [main] DEBUG xd.medicine.dao.autoMapper.TrustAttrMapper.selectByPrimaryKey - <==      Total: 1
2017-12-23 16:22:15.037 [main] DEBUG xd.medicine.dao.autoMapper.TrustAttrMapper.selectByPrimaryKey - ==>  Preparing: select id, department, demand_title, demand_workage, demand_degree from trust_attr where id = ? 
2017-12-23 16:22:15.038 [main] DEBUG xd.medicine.dao.autoMapper.TrustAttrMapper.selectByPrimaryKey - ==> Parameters: 11(Integer)
2017-12-23 16:22:15.045 [main] DEBUG xd.medicine.dao.autoMapper.TrustAttrMapper.selectByPrimaryKey - <==      Total: 1
2017-12-23 16:25:47.659 [main] DEBUG xd.medicine.dao.autoMapper.TrustAttrMapper.selectByPrimaryKey - ==>  Preparing: select id, department, demand_title, demand_workage, demand_degree from trust_attr where id = ? 
2017-12-23 16:25:47.680 [main] DEBUG xd.medicine.dao.autoMapper.TrustAttrMapper.selectByPrimaryKey - ==> Parameters: 11(Integer)
2017-12-23 16:25:47.690 [main] DEBUG xd.medicine.dao.autoMapper.TrustAttrMapper.selectByPrimaryKey - <==      Total: 1
2017-12-23 17:41:15.627 [main] DEBUG xd.medicine.dao.autoMapper.PatientMapper.selectByPrimaryKey - ==>  Preparing: select id, name, doctor_id, phone, registry_date, trustAttr_id, sense_aware, illness_condition, password, account from patient where id = ? 
2017-12-23 17:41:15.699 [main] DEBUG xd.medicine.dao.autoMapper.PatientMapper.selectByPrimaryKey - ==> Parameters: 10(Integer)
2017-12-23 17:41:15.711 [main] DEBUG xd.medicine.dao.autoMapper.PatientMapper.selectByPrimaryKey - <==      Total: 1
2017-12-23 17:41:15.715 [main] DEBUG xd.medicine.dao.autoMapper.TrustAttrMapper.selectByPrimaryKey - ==>  Preparing: select id, department, demand_title, demand_workage, demand_degree from trust_attr where id = ? 
2017-12-23 17:41:15.715 [main] DEBUG xd.medicine.dao.autoMapper.TrustAttrMapper.selectByPrimaryKey - ==> Parameters: 13(Integer)
2017-12-23 17:41:15.722 [main] DEBUG xd.medicine.dao.autoMapper.TrustAttrMapper.selectByPrimaryKey - <==      Total: 1
2017-12-23 17:41:15.955 [main] DEBUG xd.medicine.dao.autoMapper.DoctorMapper.selectByExample - ==>  Preparing: select id, name, position, office_location, office_phone, registry_date, department, title, workage, degree, is_free, password, account, isIn from doctor WHERE ( department = ? ) 
2017-12-23 17:41:15.956 [main] DEBUG xd.medicine.dao.autoMapper.DoctorMapper.selectByExample - ==> Parameters: 3(Byte)
2017-12-23 17:41:15.974 [main] DEBUG xd.medicine.dao.autoMapper.DoctorMapper.selectByExample - <==      Total: 5
2017-12-23 17:42:17.581 [main] DEBUG xd.medicine.dao.autoMapper.PatientMapper.selectByPrimaryKey - ==>  Preparing: select id, name, doctor_id, phone, registry_date, trustAttr_id, sense_aware, illness_condition, password, account from patient where id = ? 
2017-12-23 17:42:17.604 [main] DEBUG xd.medicine.dao.autoMapper.PatientMapper.selectByPrimaryKey - ==> Parameters: 10(Integer)
2017-12-23 17:42:17.617 [main] DEBUG xd.medicine.dao.autoMapper.PatientMapper.selectByPrimaryKey - <==      Total: 1
2017-12-23 17:42:17.622 [main] DEBUG xd.medicine.dao.autoMapper.TrustAttrMapper.selectByPrimaryKey - ==>  Preparing: select id, department, demand_title, demand_workage, demand_degree from trust_attr where id = ? 
2017-12-23 17:42:17.622 [main] DEBUG xd.medicine.dao.autoMapper.TrustAttrMapper.selectByPrimaryKey - ==> Parameters: 13(Integer)
2017-12-23 17:42:17.628 [main] DEBUG xd.medicine.dao.autoMapper.TrustAttrMapper.selectByPrimaryKey - <==      Total: 1
2017-12-23 17:42:17.663 [main] DEBUG xd.medicine.dao.autoMapper.DoctorMapper.selectByExample - ==>  Preparing: select id, name, position, office_location, office_phone, registry_date, department, title, workage, degree, is_free, password, account, isIn from doctor WHERE ( department = ? ) 
2017-12-23 17:42:17.664 [main] DEBUG xd.medicine.dao.autoMapper.DoctorMapper.selectByExample - ==> Parameters: 3(Byte)
2017-12-23 17:42:17.670 [main] DEBUG xd.medicine.dao.autoMapper.DoctorMapper.selectByExample - <==      Total: 5
2017-12-23 17:43:46.019 [main] DEBUG xd.medicine.dao.autoMapper.PatientMapper.selectByPrimaryKey - ==>  Preparing: select id, name, doctor_id, phone, registry_date, trustAttr_id, sense_aware, illness_condition, password, account from patient where id = ? 
2017-12-23 17:43:46.040 [main] DEBUG xd.medicine.dao.autoMapper.PatientMapper.selectByPrimaryKey - ==> Parameters: 10(Integer)
2017-12-23 17:43:46.059 [main] DEBUG xd.medicine.dao.autoMapper.PatientMapper.selectByPrimaryKey - <==      Total: 1
2017-12-23 17:43:46.070 [main] DEBUG xd.medicine.dao.autoMapper.TrustAttrMapper.selectByPrimaryKey - ==>  Preparing: select id, department, demand_title, demand_workage, demand_degree from trust_attr where id = ? 
2017-12-23 17:43:46.070 [main] DEBUG xd.medicine.dao.autoMapper.TrustAttrMapper.selectByPrimaryKey - ==> Parameters: 13(Integer)
2017-12-23 17:43:46.072 [main] DEBUG xd.medicine.dao.autoMapper.TrustAttrMapper.selectByPrimaryKey - <==      Total: 1
2017-12-23 17:43:46.111 [main] DEBUG xd.medicine.dao.autoMapper.DoctorMapper.selectByExample - ==>  Preparing: select id, name, position, office_location, office_phone, registry_date, department, title, workage, degree, is_free, password, account, isIn from doctor WHERE ( department = ? ) 
2017-12-23 17:43:46.111 [main] DEBUG xd.medicine.dao.autoMapper.DoctorMapper.selectByExample - ==> Parameters: 3(Byte)
2017-12-23 17:43:46.114 [main] DEBUG xd.medicine.dao.autoMapper.DoctorMapper.selectByExample - <==      Total: 5
2017-12-23 17:45:39.563 [main] DEBUG xd.medicine.dao.autoMapper.PatientMapper.selectByPrimaryKey - ==>  Preparing: select id, name, doctor_id, phone, registry_date, trustAttr_id, sense_aware, illness_condition, password, account from patient where id = ? 
2017-12-23 17:45:39.592 [main] DEBUG xd.medicine.dao.autoMapper.PatientMapper.selectByPrimaryKey - ==> Parameters: 10(Integer)
2017-12-23 17:45:39.604 [main] DEBUG xd.medicine.dao.autoMapper.PatientMapper.selectByPrimaryKey - <==      Total: 1
2017-12-23 17:45:39.608 [main] DEBUG xd.medicine.dao.autoMapper.TrustAttrMapper.selectByPrimaryKey - ==>  Preparing: select id, department, demand_title, demand_workage, demand_degree from trust_attr where id = ? 
2017-12-23 17:45:39.608 [main] DEBUG xd.medicine.dao.autoMapper.TrustAttrMapper.selectByPrimaryKey - ==> Parameters: 13(Integer)
2017-12-23 17:45:39.612 [main] DEBUG xd.medicine.dao.autoMapper.TrustAttrMapper.selectByPrimaryKey - <==      Total: 1
2017-12-23 17:45:39.655 [main] DEBUG xd.medicine.dao.autoMapper.DoctorMapper.selectByExample - ==>  Preparing: select id, name, position, office_location, office_phone, registry_date, department, title, workage, degree, is_free, password, account, isIn from doctor WHERE ( department = ? ) 
2017-12-23 17:45:39.655 [main] DEBUG xd.medicine.dao.autoMapper.DoctorMapper.selectByExample - ==> Parameters: 3(Byte)
2017-12-23 17:45:39.661 [main] DEBUG xd.medicine.dao.autoMapper.DoctorMapper.selectByExample - <==      Total: 5
2017-12-23 17:46:23.925 [main] DEBUG xd.medicine.dao.autoMapper.PatientMapper.selectByPrimaryKey - ==>  Preparing: select id, name, doctor_id, phone, registry_date, trustAttr_id, sense_aware, illness_condition, password, account from patient where id = ? 
2017-12-23 17:46:23.948 [main] DEBUG xd.medicine.dao.autoMapper.PatientMapper.selectByPrimaryKey - ==> Parameters: 10(Integer)
2017-12-23 17:46:23.963 [main] DEBUG xd.medicine.dao.autoMapper.PatientMapper.selectByPrimaryKey - <==      Total: 1
2017-12-23 17:46:23.967 [main] DEBUG xd.medicine.dao.autoMapper.TrustAttrMapper.selectByPrimaryKey - ==>  Preparing: select id, department, demand_title, demand_workage, demand_degree from trust_attr where id = ? 
2017-12-23 17:46:23.967 [main] DEBUG xd.medicine.dao.autoMapper.TrustAttrMapper.selectByPrimaryKey - ==> Parameters: 13(Integer)
2017-12-23 17:46:23.968 [main] DEBUG xd.medicine.dao.autoMapper.TrustAttrMapper.selectByPrimaryKey - <==      Total: 1
2017-12-23 17:46:24.008 [main] DEBUG xd.medicine.dao.autoMapper.DoctorMapper.selectByExample - ==>  Preparing: select id, name, position, office_location, office_phone, registry_date, department, title, workage, degree, is_free, password, account, isIn from doctor WHERE ( department = ? ) 
2017-12-23 17:46:24.010 [main] DEBUG xd.medicine.dao.autoMapper.DoctorMapper.selectByExample - ==> Parameters: 3(Byte)
2017-12-23 17:46:24.015 [main] DEBUG xd.medicine.dao.autoMapper.DoctorMapper.selectByExample - <==      Total: 5
2017-12-23 17:46:53.437 [main] DEBUG xd.medicine.dao.autoMapper.PatientMapper.selectByPrimaryKey - ==>  Preparing: select id, name, doctor_id, phone, registry_date, trustAttr_id, sense_aware, illness_condition, password, account from patient where id = ? 
2017-12-23 17:46:53.457 [main] DEBUG xd.medicine.dao.autoMapper.PatientMapper.selectByPrimaryKey - ==> Parameters: 10(Integer)
2017-12-23 17:46:53.473 [main] DEBUG xd.medicine.dao.autoMapper.PatientMapper.selectByPrimaryKey - <==      Total: 1
2017-12-23 17:46:53.477 [main] DEBUG xd.medicine.dao.autoMapper.TrustAttrMapper.selectByPrimaryKey - ==>  Preparing: select id, department, demand_title, demand_workage, demand_degree from trust_attr where id = ? 
2017-12-23 17:46:53.477 [main] DEBUG xd.medicine.dao.autoMapper.TrustAttrMapper.selectByPrimaryKey - ==> Parameters: 13(Integer)
2017-12-23 17:46:53.480 [main] DEBUG xd.medicine.dao.autoMapper.TrustAttrMapper.selectByPrimaryKey - <==      Total: 1
2017-12-23 17:46:53.513 [main] DEBUG xd.medicine.dao.autoMapper.DoctorMapper.selectByExample - ==>  Preparing: select id, name, position, office_location, office_phone, registry_date, department, title, workage, degree, is_free, password, account, isIn from doctor WHERE ( department = ? ) 
2017-12-23 17:46:53.513 [main] DEBUG xd.medicine.dao.autoMapper.DoctorMapper.selectByExample - ==> Parameters: 3(Byte)
2017-12-23 17:46:53.517 [main] DEBUG xd.medicine.dao.autoMapper.DoctorMapper.selectByExample - <==      Total: 5
2017-12-23 17:47:12.079 [main] DEBUG xd.medicine.dao.autoMapper.PatientMapper.selectByPrimaryKey - ==>  Preparing: select id, name, doctor_id, phone, registry_date, trustAttr_id, sense_aware, illness_condition, password, account from patient where id = ? 
2017-12-23 17:47:12.100 [main] DEBUG xd.medicine.dao.autoMapper.PatientMapper.selectByPrimaryKey - ==> Parameters: 10(Integer)
2017-12-23 17:47:12.132 [main] DEBUG xd.medicine.dao.autoMapper.PatientMapper.selectByPrimaryKey - <==      Total: 1
2017-12-23 17:47:12.134 [main] DEBUG xd.medicine.dao.autoMapper.TrustAttrMapper.selectByPrimaryKey - ==>  Preparing: select id, department, demand_title, demand_workage, demand_degree from trust_attr where id = ? 
2017-12-23 17:47:12.135 [main] DEBUG xd.medicine.dao.autoMapper.TrustAttrMapper.selectByPrimaryKey - ==> Parameters: 13(Integer)
2017-12-23 17:47:12.140 [main] DEBUG xd.medicine.dao.autoMapper.TrustAttrMapper.selectByPrimaryKey - <==      Total: 1
2017-12-23 17:47:12.178 [main] DEBUG xd.medicine.dao.autoMapper.DoctorMapper.selectByExample - ==>  Preparing: select id, name, position, office_location, office_phone, registry_date, department, title, workage, degree, is_free, password, account, isIn from doctor WHERE ( department = ? ) 
2017-12-23 17:47:12.178 [main] DEBUG xd.medicine.dao.autoMapper.DoctorMapper.selectByExample - ==> Parameters: 3(Byte)
2017-12-23 17:47:12.192 [main] DEBUG xd.medicine.dao.autoMapper.DoctorMapper.selectByExample - <==      Total: 5
2017-12-23 20:37:16.324 [main] DEBUG xd.medicine.dao.autoMapper.PatientMapper.selectByPrimaryKey - ==>  Preparing: select id, name, doctor_id, phone, registry_date, trustAttr_id, sense_aware, illness_condition, password, account from patient where id = ? 
2017-12-23 20:37:16.388 [main] DEBUG xd.medicine.dao.autoMapper.PatientMapper.selectByPrimaryKey - ==> Parameters: 10(Integer)
2017-12-23 20:37:16.622 [main] DEBUG xd.medicine.dao.autoMapper.PatientMapper.selectByPrimaryKey - <==      Total: 1
2017-12-23 20:37:16.627 [main] DEBUG xd.medicine.dao.autoMapper.TrustAttrMapper.selectByPrimaryKey - ==>  Preparing: select id, department, demand_title, demand_workage, demand_degree from trust_attr where id = ? 
2017-12-23 20:37:16.627 [main] DEBUG xd.medicine.dao.autoMapper.TrustAttrMapper.selectByPrimaryKey - ==> Parameters: 13(Integer)
2017-12-23 20:37:16.649 [main] DEBUG xd.medicine.dao.autoMapper.TrustAttrMapper.selectByPrimaryKey - <==      Total: 1
2017-12-23 20:37:16.739 [main] DEBUG xd.medicine.dao.autoMapper.DoctorMapper.selectByExample - ==>  Preparing: select id, name, position, office_location, office_phone, registry_date, department, title, workage, degree, is_free, password, account, isIn from doctor WHERE ( department = ? ) 
2017-12-23 20:37:16.739 [main] DEBUG xd.medicine.dao.autoMapper.DoctorMapper.selectByExample - ==> Parameters: 3(Byte)
2017-12-23 20:37:16.765 [main] DEBUG xd.medicine.dao.autoMapper.DoctorMapper.selectByExample - <==      Total: 5
2017-12-23 20:39:42.239 [main] DEBUG xd.medicine.dao.autoMapper.PatientMapper.selectByPrimaryKey - ==>  Preparing: select id, name, doctor_id, phone, registry_date, trustAttr_id, sense_aware, illness_condition, password, account from patient where id = ? 
2017-12-23 20:39:42.261 [main] DEBUG xd.medicine.dao.autoMapper.PatientMapper.selectByPrimaryKey - ==> Parameters: 10(Integer)
2017-12-23 20:39:42.271 [main] DEBUG xd.medicine.dao.autoMapper.PatientMapper.selectByPrimaryKey - <==      Total: 1
2017-12-23 20:39:42.275 [main] DEBUG xd.medicine.dao.autoMapper.TrustAttrMapper.selectByPrimaryKey - ==>  Preparing: select id, department, demand_title, demand_workage, demand_degree from trust_attr where id = ? 
2017-12-23 20:39:42.275 [main] DEBUG xd.medicine.dao.autoMapper.TrustAttrMapper.selectByPrimaryKey - ==> Parameters: 13(Integer)
2017-12-23 20:39:42.278 [main] DEBUG xd.medicine.dao.autoMapper.TrustAttrMapper.selectByPrimaryKey - <==      Total: 1
2017-12-23 20:39:42.323 [main] DEBUG xd.medicine.dao.autoMapper.DoctorMapper.selectByExample - ==>  Preparing: select id, name, position, office_location, office_phone, registry_date, department, title, workage, degree, is_free, password, account, isIn from doctor WHERE ( department = ? ) 
2017-12-23 20:39:42.323 [main] DEBUG xd.medicine.dao.autoMapper.DoctorMapper.selectByExample - ==> Parameters: 3(Byte)
2017-12-23 20:39:42.327 [main] DEBUG xd.medicine.dao.autoMapper.DoctorMapper.selectByExample - <==      Total: 5
2017-12-23 21:21:11.410 [main] DEBUG xd.medicine.dao.autoMapper.PatientMapper.selectByPrimaryKey - ==>  Preparing: select id, name, doctor_id, phone, registry_date, trustAttr_id, sense_aware, illness_condition, password, account from patient where id = ? 
2017-12-23 21:21:11.461 [main] DEBUG xd.medicine.dao.autoMapper.PatientMapper.selectByPrimaryKey - ==> Parameters: 10(Integer)
2017-12-23 21:21:11.491 [main] DEBUG xd.medicine.dao.autoMapper.PatientMapper.selectByPrimaryKey - <==      Total: 1
2017-12-23 21:21:11.495 [main] DEBUG xd.medicine.dao.autoMapper.TrustAttrMapper.selectByPrimaryKey - ==>  Preparing: select id, department, demand_title, demand_workage, demand_degree from trust_attr where id = ? 
2017-12-23 21:21:11.495 [main] DEBUG xd.medicine.dao.autoMapper.TrustAttrMapper.selectByPrimaryKey - ==> Parameters: 13(Integer)
2017-12-23 21:21:11.498 [main] DEBUG xd.medicine.dao.autoMapper.TrustAttrMapper.selectByPrimaryKey - <==      Total: 1
2017-12-23 21:21:11.532 [main] DEBUG xd.medicine.dao.autoMapper.DoctorMapper.selectByExample - ==>  Preparing: select id, name, position, office_location, office_phone, registry_date, department, title, workage, degree, is_free, password, account, isIn from doctor WHERE ( department = ? ) 
2017-12-23 21:21:11.532 [main] DEBUG xd.medicine.dao.autoMapper.DoctorMapper.selectByExample - ==> Parameters: 3(Byte)
2017-12-23 21:21:11.542 [main] DEBUG xd.medicine.dao.autoMapper.DoctorMapper.selectByExample - <==      Total: 5
2017-12-23 21:22:21.172 [main] DEBUG xd.medicine.dao.autoMapper.PatientMapper.selectByPrimaryKey - ==>  Preparing: select id, name, doctor_id, phone, registry_date, trustAttr_id, sense_aware, illness_condition, password, account from patient where id = ? 
2017-12-23 21:22:21.193 [main] DEBUG xd.medicine.dao.autoMapper.PatientMapper.selectByPrimaryKey - ==> Parameters: 10(Integer)
2017-12-23 21:22:21.210 [main] DEBUG xd.medicine.dao.autoMapper.PatientMapper.selectByPrimaryKey - <==      Total: 1
2017-12-23 21:22:21.215 [main] DEBUG xd.medicine.dao.autoMapper.TrustAttrMapper.selectByPrimaryKey - ==>  Preparing: select id, department, demand_title, demand_workage, demand_degree from trust_attr where id = ? 
2017-12-23 21:22:21.215 [main] DEBUG xd.medicine.dao.autoMapper.TrustAttrMapper.selectByPrimaryKey - ==> Parameters: 13(Integer)
2017-12-23 21:22:21.219 [main] DEBUG xd.medicine.dao.autoMapper.TrustAttrMapper.selectByPrimaryKey - <==      Total: 1
2017-12-23 21:22:21.249 [main] DEBUG xd.medicine.dao.autoMapper.DoctorMapper.selectByExample - ==>  Preparing: select id, name, position, office_location, office_phone, registry_date, department, title, workage, degree, is_free, password, account, isIn from doctor WHERE ( department = ? ) 
2017-12-23 21:22:21.250 [main] DEBUG xd.medicine.dao.autoMapper.DoctorMapper.selectByExample - ==> Parameters: 3(Byte)
2017-12-23 21:22:21.255 [main] DEBUG xd.medicine.dao.autoMapper.DoctorMapper.selectByExample - <==      Total: 5
2017-12-23 21:24:18.165 [main] DEBUG xd.medicine.dao.autoMapper.PatientMapper.selectByPrimaryKey - ==>  Preparing: select id, name, doctor_id, phone, registry_date, trustAttr_id, sense_aware, illness_condition, password, account from patient where id = ? 
2017-12-23 21:24:18.201 [main] DEBUG xd.medicine.dao.autoMapper.PatientMapper.selectByPrimaryKey - ==> Parameters: 10(Integer)
2017-12-23 21:24:18.211 [main] DEBUG xd.medicine.dao.autoMapper.PatientMapper.selectByPrimaryKey - <==      Total: 1
2017-12-23 21:24:18.214 [main] DEBUG xd.medicine.dao.autoMapper.TrustAttrMapper.selectByPrimaryKey - ==>  Preparing: select id, department, demand_title, demand_workage, demand_degree from trust_attr where id = ? 
2017-12-23 21:24:18.214 [main] DEBUG xd.medicine.dao.autoMapper.TrustAttrMapper.selectByPrimaryKey - ==> Parameters: 13(Integer)
2017-12-23 21:24:18.215 [main] DEBUG xd.medicine.dao.autoMapper.TrustAttrMapper.selectByPrimaryKey - <==      Total: 1
2017-12-23 21:24:18.251 [main] DEBUG xd.medicine.dao.autoMapper.DoctorMapper.selectByExample - ==>  Preparing: select id, name, position, office_location, office_phone, registry_date, department, title, workage, degree, is_free, password, account, isIn from doctor WHERE ( department = ? ) 
2017-12-23 21:24:18.251 [main] DEBUG xd.medicine.dao.autoMapper.DoctorMapper.selectByExample - ==> Parameters: 3(Byte)
2017-12-23 21:24:18.316 [main] DEBUG xd.medicine.dao.autoMapper.DoctorMapper.selectByExample - <==      Total: 5
2017-12-23 21:24:41.436 [main] DEBUG xd.medicine.dao.autoMapper.PatientMapper.selectByPrimaryKey - ==>  Preparing: select id, name, doctor_id, phone, registry_date, trustAttr_id, sense_aware, illness_condition, password, account from patient where id = ? 
2017-12-23 21:24:41.458 [main] DEBUG xd.medicine.dao.autoMapper.PatientMapper.selectByPrimaryKey - ==> Parameters: 10(Integer)
2017-12-23 21:24:41.470 [main] DEBUG xd.medicine.dao.autoMapper.PatientMapper.selectByPrimaryKey - <==      Total: 1
2017-12-23 21:24:41.474 [main] DEBUG xd.medicine.dao.autoMapper.TrustAttrMapper.selectByPrimaryKey - ==>  Preparing: select id, department, demand_title, demand_workage, demand_degree from trust_attr where id = ? 
2017-12-23 21:24:41.474 [main] DEBUG xd.medicine.dao.autoMapper.TrustAttrMapper.selectByPrimaryKey - ==> Parameters: 13(Integer)
2017-12-23 21:24:41.476 [main] DEBUG xd.medicine.dao.autoMapper.TrustAttrMapper.selectByPrimaryKey - <==      Total: 1
2017-12-23 21:24:41.512 [main] DEBUG xd.medicine.dao.autoMapper.DoctorMapper.selectByExample - ==>  Preparing: select id, name, position, office_location, office_phone, registry_date, department, title, workage, degree, is_free, password, account, isIn from doctor WHERE ( department = ? ) 
2017-12-23 21:24:41.513 [main] DEBUG xd.medicine.dao.autoMapper.DoctorMapper.selectByExample - ==> Parameters: 3(Byte)
2017-12-23 21:24:41.519 [main] DEBUG xd.medicine.dao.autoMapper.DoctorMapper.selectByExample - <==      Total: 5
2017-12-23 21:26:31.967 [main] DEBUG xd.medicine.dao.autoMapper.PatientMapper.selectByPrimaryKey - ==>  Preparing: select id, name, doctor_id, phone, registry_date, trustAttr_id, sense_aware, illness_condition, password, account from patient where id = ? 
2017-12-23 21:26:31.989 [main] DEBUG xd.medicine.dao.autoMapper.PatientMapper.selectByPrimaryKey - ==> Parameters: 10(Integer)
2017-12-23 21:26:32.003 [main] DEBUG xd.medicine.dao.autoMapper.PatientMapper.selectByPrimaryKey - <==      Total: 1
2017-12-23 21:26:32.010 [main] DEBUG xd.medicine.dao.autoMapper.TrustAttrMapper.selectByPrimaryKey - ==>  Preparing: select id, department, demand_title, demand_workage, demand_degree from trust_attr where id = ? 
2017-12-23 21:26:32.010 [main] DEBUG xd.medicine.dao.autoMapper.TrustAttrMapper.selectByPrimaryKey - ==> Parameters: 13(Integer)
2017-12-23 21:26:32.013 [main] DEBUG xd.medicine.dao.autoMapper.TrustAttrMapper.selectByPrimaryKey - <==      Total: 1
2017-12-23 21:26:32.050 [main] DEBUG xd.medicine.dao.autoMapper.DoctorMapper.selectByExample - ==>  Preparing: select id, name, position, office_location, office_phone, registry_date, department, title, workage, degree, is_free, password, account, isIn from doctor WHERE ( department = ? ) 
2017-12-23 21:26:32.051 [main] DEBUG xd.medicine.dao.autoMapper.DoctorMapper.selectByExample - ==> Parameters: 3(Byte)
2017-12-23 21:26:32.056 [main] DEBUG xd.medicine.dao.autoMapper.DoctorMapper.selectByExample - <==      Total: 5
2017-12-23 21:33:09.858 [main] DEBUG xd.medicine.dao.autoMapper.PatientMapper.selectByPrimaryKey - ==>  Preparing: select id, name, doctor_id, phone, registry_date, trustAttr_id, sense_aware, illness_condition, password, account from patient where id = ? 
2017-12-23 21:33:09.879 [main] DEBUG xd.medicine.dao.autoMapper.PatientMapper.selectByPrimaryKey - ==> Parameters: 10(Integer)
2017-12-23 21:33:09.891 [main] DEBUG xd.medicine.dao.autoMapper.PatientMapper.selectByPrimaryKey - <==      Total: 1
2017-12-23 21:33:09.895 [main] DEBUG xd.medicine.dao.autoMapper.TrustAttrMapper.selectByPrimaryKey - ==>  Preparing: select id, department, demand_title, demand_workage, demand_degree from trust_attr where id = ? 
2017-12-23 21:33:09.895 [main] DEBUG xd.medicine.dao.autoMapper.TrustAttrMapper.selectByPrimaryKey - ==> Parameters: 13(Integer)
2017-12-23 21:33:09.897 [main] DEBUG xd.medicine.dao.autoMapper.TrustAttrMapper.selectByPrimaryKey - <==      Total: 1
2017-12-23 21:33:09.934 [main] DEBUG xd.medicine.dao.autoMapper.DoctorMapper.selectByExample - ==>  Preparing: select id, name, position, office_location, office_phone, registry_date, department, title, workage, degree, is_free, password, account, isIn from doctor WHERE ( department = ? ) 
2017-12-23 21:33:09.935 [main] DEBUG xd.medicine.dao.autoMapper.DoctorMapper.selectByExample - ==> Parameters: 3(Byte)
2017-12-23 21:33:09.940 [main] DEBUG xd.medicine.dao.autoMapper.DoctorMapper.selectByExample - <==      Total: 5
2017-12-23 21:34:16.491 [main] DEBUG xd.medicine.dao.autoMapper.PatientMapper.selectByPrimaryKey - ==>  Preparing: select id, name, doctor_id, phone, registry_date, trustAttr_id, sense_aware, illness_condition, password, account from patient where id = ? 
2017-12-23 21:34:16.512 [main] DEBUG xd.medicine.dao.autoMapper.PatientMapper.selectByPrimaryKey - ==> Parameters: 10(Integer)
2017-12-23 21:34:16.523 [main] DEBUG xd.medicine.dao.autoMapper.PatientMapper.selectByPrimaryKey - <==      Total: 1
2017-12-23 21:34:16.525 [main] DEBUG xd.medicine.dao.autoMapper.TrustAttrMapper.selectByPrimaryKey - ==>  Preparing: select id, department, demand_title, demand_workage, demand_degree from trust_attr where id = ? 
2017-12-23 21:34:16.526 [main] DEBUG xd.medicine.dao.autoMapper.TrustAttrMapper.selectByPrimaryKey - ==> Parameters: 13(Integer)
2017-12-23 21:34:16.527 [main] DEBUG xd.medicine.dao.autoMapper.TrustAttrMapper.selectByPrimaryKey - <==      Total: 1
2017-12-23 21:34:16.563 [main] DEBUG xd.medicine.dao.autoMapper.DoctorMapper.selectByExample - ==>  Preparing: select id, name, position, office_location, office_phone, registry_date, department, title, workage, degree, is_free, password, account, isIn from doctor WHERE ( department = ? ) 
2017-12-23 21:34:16.565 [main] DEBUG xd.medicine.dao.autoMapper.DoctorMapper.selectByExample - ==> Parameters: 3(Byte)
2017-12-23 21:34:16.571 [main] DEBUG xd.medicine.dao.autoMapper.DoctorMapper.selectByExample - <==      Total: 5
2017-12-23 21:36:24.575 [main] DEBUG xd.medicine.dao.autoMapper.PatientMapper.selectByPrimaryKey - ==>  Preparing: select id, name, doctor_id, phone, registry_date, trustAttr_id, sense_aware, illness_condition, password, account from patient where id = ? 
2017-12-23 21:36:24.595 [main] DEBUG xd.medicine.dao.autoMapper.PatientMapper.selectByPrimaryKey - ==> Parameters: 10(Integer)
2017-12-23 21:36:24.631 [main] DEBUG xd.medicine.dao.autoMapper.PatientMapper.selectByPrimaryKey - <==      Total: 1
2017-12-23 21:36:24.634 [main] DEBUG xd.medicine.dao.autoMapper.TrustAttrMapper.selectByPrimaryKey - ==>  Preparing: select id, department, demand_title, demand_workage, demand_degree from trust_attr where id = ? 
2017-12-23 21:36:24.635 [main] DEBUG xd.medicine.dao.autoMapper.TrustAttrMapper.selectByPrimaryKey - ==> Parameters: 13(Integer)
2017-12-23 21:36:24.636 [main] DEBUG xd.medicine.dao.autoMapper.TrustAttrMapper.selectByPrimaryKey - <==      Total: 1
2017-12-23 21:36:24.672 [main] DEBUG xd.medicine.dao.autoMapper.DoctorMapper.selectByExample - ==>  Preparing: select id, name, position, office_location, office_phone, registry_date, department, title, workage, degree, is_free, password, account, isIn from doctor WHERE ( department = ? ) 
2017-12-23 21:36:24.674 [main] DEBUG xd.medicine.dao.autoMapper.DoctorMapper.selectByExample - ==> Parameters: 3(Byte)
2017-12-23 21:36:24.680 [main] DEBUG xd.medicine.dao.autoMapper.DoctorMapper.selectByExample - <==      Total: 5
2017-12-23 21:36:52.269 [main] DEBUG xd.medicine.dao.autoMapper.PatientMapper.selectByPrimaryKey - ==>  Preparing: select id, name, doctor_id, phone, registry_date, trustAttr_id, sense_aware, illness_condition, password, account from patient where id = ? 
2017-12-23 21:36:52.295 [main] DEBUG xd.medicine.dao.autoMapper.PatientMapper.selectByPrimaryKey - ==> Parameters: 10(Integer)
2017-12-23 21:36:52.308 [main] DEBUG xd.medicine.dao.autoMapper.PatientMapper.selectByPrimaryKey - <==      Total: 1
2017-12-23 21:36:52.315 [main] DEBUG xd.medicine.dao.autoMapper.TrustAttrMapper.selectByPrimaryKey - ==>  Preparing: select id, department, demand_title, demand_workage, demand_degree from trust_attr where id = ? 
2017-12-23 21:36:52.316 [main] DEBUG xd.medicine.dao.autoMapper.TrustAttrMapper.selectByPrimaryKey - ==> Parameters: 13(Integer)
2017-12-23 21:36:52.317 [main] DEBUG xd.medicine.dao.autoMapper.TrustAttrMapper.selectByPrimaryKey - <==      Total: 1
2017-12-23 21:36:52.356 [main] DEBUG xd.medicine.dao.autoMapper.DoctorMapper.selectByExample - ==>  Preparing: select id, name, position, office_location, office_phone, registry_date, department, title, workage, degree, is_free, password, account, isIn from doctor WHERE ( department = ? ) 
2017-12-23 21:36:52.356 [main] DEBUG xd.medicine.dao.autoMapper.DoctorMapper.selectByExample - ==> Parameters: 3(Byte)
2017-12-23 21:36:52.361 [main] DEBUG xd.medicine.dao.autoMapper.DoctorMapper.selectByExample - <==      Total: 5
2017-12-23 21:47:09.583 [main] DEBUG xd.medicine.dao.autoMapper.PatientMapper.selectByPrimaryKey - ==>  Preparing: select id, name, doctor_id, phone, registry_date, trustAttr_id, sense_aware, illness_condition, password, account from patient where id = ? 
2017-12-23 21:47:09.603 [main] DEBUG xd.medicine.dao.autoMapper.PatientMapper.selectByPrimaryKey - ==> Parameters: 10(Integer)
2017-12-23 21:47:09.615 [main] DEBUG xd.medicine.dao.autoMapper.PatientMapper.selectByPrimaryKey - <==      Total: 1
2017-12-23 21:47:09.619 [main] DEBUG xd.medicine.dao.autoMapper.TrustAttrMapper.selectByPrimaryKey - ==>  Preparing: select id, department, demand_title, demand_workage, demand_degree from trust_attr where id = ? 
2017-12-23 21:47:09.619 [main] DEBUG xd.medicine.dao.autoMapper.TrustAttrMapper.selectByPrimaryKey - ==> Parameters: 13(Integer)
2017-12-23 21:47:09.620 [main] DEBUG xd.medicine.dao.autoMapper.TrustAttrMapper.selectByPrimaryKey - <==      Total: 1
2017-12-23 21:47:09.656 [main] DEBUG xd.medicine.dao.autoMapper.DoctorMapper.selectByExample - ==>  Preparing: select id, name, position, office_location, office_phone, registry_date, department, title, workage, degree, is_free, password, account, isIn from doctor WHERE ( department = ? ) 
2017-12-23 21:47:09.657 [main] DEBUG xd.medicine.dao.autoMapper.DoctorMapper.selectByExample - ==> Parameters: 3(Byte)
2017-12-23 21:47:09.661 [main] DEBUG xd.medicine.dao.autoMapper.DoctorMapper.selectByExample - <==      Total: 5
